<?xml version="1.0" encoding="UTF-8"?>
<!-- Generated by org.testng.reporters.JUnitXMLReporter -->
<testsuite ignored="1" hostname="DESKTOP-T81U87Q" failures="2" tests="2" name="Default test(failed)" time="0.079" errors="0" timestamp="2026-01-04T07:06:45 IST">
  <testcase classname="how_handle_failedTestCase.TestCaseExample" name="TestCase01" time="0.018">
    <failure type="java.lang.AssertionError" message="expected [true] but found [false]">
      <![CDATA[java.lang.AssertionError: expected [true] but found [false]
at how_handle_failedTestCase.TestCaseExample.TestCase01(TestCaseExample.java:11)
at java.base/java.util.ArrayList.forEach(ArrayList.java:1604)
... Removed 29 stack frames]]>
    </failure>
  </testcase> <!-- TestCase01 -->
  <testcase classname="how_handle_failedTestCase.TestCaseExample" name="TestCase02" time="0.002">
    <failure type="java.lang.AssertionError" message="expected [true] but found [false]">
      <![CDATA[java.lang.AssertionError: expected [true] but found [false]
at how_handle_failedTestCase.TestCaseExample.TestCase02(TestCaseExample.java:16)
at java.base/java.util.ArrayList.forEach(ArrayList.java:1604)
... Removed 29 stack frames]]>
    </failure>
  </testcase> <!-- TestCase02 -->
  <testcase classname="how_handle_failedTestCase.TestCaseExample" name="TestCase03" time="0.0">
    <ignored/>
  </testcase> <!-- TestCase03 -->
</testsuite> <!-- Default test(failed) -->
