<?xml version="1.0" encoding="UTF-8"?>
<testng-results ignored="0" total="5" passed="3" failed="1" skipped="1">
  <reporter-output>
  </reporter-output>
  <suite started-at="2026-01-06T08:53:16 IST" name="Default suite" finished-at="2026-01-06T08:53:18 IST" duration-ms="1314">
    <groups>
    </groups>
    <test started-at="2026-01-06T08:53:16 IST" name="Default test" finished-at="2026-01-06T08:53:18 IST" duration-ms="1314">
      <class name="ExtentReportDemo.BasicExtentReport">
        <test-method is-config="true" signature="startReport()[pri:0, instance:ExtentReportDemo.BasicExtentReport@1b7cc17c]" started-at="2026-01-06T08:53:16 IST" name="startReport" finished-at="2026-01-06T08:53:17 IST" duration-ms="514" status="PASS">
          <reporter-output>
          </reporter-output>
        </test-method> <!-- startReport -->
        <test-method signature="LaunchBrowserAndOpenURL()[pri:0, instance:ExtentReportDemo.BasicExtentReport@1b7cc17c]" started-at="2026-01-06T08:53:17 IST" name="LaunchBrowserAndOpenURL" finished-at="2026-01-06T08:53:17 IST" duration-ms="30" status="PASS">
          <reporter-output>
          </reporter-output>
        </test-method> <!-- LaunchBrowserAndOpenURL -->
        <test-method is-config="true" signature="getTestResult(org.testng.ITestResult)[pri:0, instance:ExtentReportDemo.BasicExtentReport@1b7cc17c]" started-at="2026-01-06T08:53:17 IST" name="getTestResult" finished-at="2026-01-06T08:53:17 IST" duration-ms="14" status="PASS">
          <params>
            <param index="0">
              <value>
                <![CDATA[[TestResult name=LaunchBrowserAndOpenURL status=SUCCESS method=BasicExtentReport.LaunchBrowserAndOpenURL()[pri:0, instance:ExtentReportDemo.BasicExtentReport@1b7cc17c] output={null}]]]>
              </value>
            </param>
          </params>
          <reporter-output>
          </reporter-output>
        </test-method> <!-- getTestResult -->
        <test-method signature="verifyEmail()[pri:0, instance:ExtentReportDemo.BasicExtentReport@1b7cc17c]" started-at="2026-01-06T08:53:17 IST" name="verifyEmail" finished-at="2026-01-06T08:53:17 IST" duration-ms="4" status="SKIP">
          <exception class="org.testng.SkipException">
            <message>
              <![CDATA[skipping the test case with expection..]]>
            </message>
            <full-stacktrace>
              <![CDATA[org.testng.SkipException: skipping the test case with expection..
at ExtentReportDemo.BasicExtentReport.verifyEmail(BasicExtentReport.java:81)
at java.base/jdk.internal.reflect.DirectMethodHandleAccessor.invoke(DirectMethodHandleAccessor.java:104)
at java.base/java.lang.reflect.Method.invoke(Method.java:565)
at org.testng.internal.invokers.MethodInvocationHelper.invokeMethod(MethodInvocationHelper.java:141)
at org.testng.internal.invokers.TestInvoker.invokeMethod(TestInvoker.java:687)
at org.testng.internal.invokers.TestInvoker.invokeTestMethod(TestInvoker.java:230)
at org.testng.internal.invokers.MethodRunner.runInSequence(MethodRunner.java:63)
at org.testng.internal.invokers.TestInvoker$MethodInvocationAgent.invoke(TestInvoker.java:995)
at org.testng.internal.invokers.TestInvoker.invokeTestMethods(TestInvoker.java:203)
at org.testng.internal.invokers.TestMethodWorker.invokeTestMethods(TestMethodWorker.java:154)
at org.testng.internal.invokers.TestMethodWorker.run(TestMethodWorker.java:134)
at java.base/java.util.ArrayList.forEach(ArrayList.java:1604)
at org.testng.TestRunner.privateRun(TestRunner.java:741)
at org.testng.TestRunner.run(TestRunner.java:616)
at org.testng.SuiteRunner.runTest(SuiteRunner.java:421)
at org.testng.SuiteRunner.runSequentially(SuiteRunner.java:413)
at org.testng.SuiteRunner.privateRun(SuiteRunner.java:373)
at org.testng.SuiteRunner.run(SuiteRunner.java:312)
at org.testng.SuiteRunnerWorker.runSuite(SuiteRunnerWorker.java:52)
at org.testng.SuiteRunnerWorker.run(SuiteRunnerWorker.java:95)
at org.testng.TestNG.runSuitesSequentially(TestNG.java:1274)
at org.testng.TestNG.runSuitesLocally(TestNG.java:1208)
at org.testng.TestNG.runSuites(TestNG.java:1112)
at org.testng.TestNG.run(TestNG.java:1079)
at org.testng.remote.AbstractRemoteTestNG.run(AbstractRemoteTestNG.java:115)
at org.testng.remote.RemoteTestNG.initAndRun(RemoteTestNG.java:293)
at org.testng.remote.RemoteTestNG.main(RemoteTestNG.java:91)
]]>
            </full-stacktrace>
          </exception> <!-- org.testng.SkipException -->
          <reporter-output>
          </reporter-output>
        </test-method> <!-- verifyEmail -->
        <test-method is-config="true" signature="getTestResult(org.testng.ITestResult)[pri:0, instance:ExtentReportDemo.BasicExtentReport@1b7cc17c]" started-at="2026-01-06T08:53:17 IST" name="getTestResult" finished-at="2026-01-06T08:53:17 IST" duration-ms="1" status="PASS">
          <params>
            <param index="0">
              <value>
                <![CDATA[[TestResult name=verifyEmail status=SKIP method=BasicExtentReport.verifyEmail()[pri:0, instance:ExtentReportDemo.BasicExtentReport@1b7cc17c] output={null}]]]>
              </value>
            </param>
          </params>
          <reporter-output>
          </reporter-output>
        </test-method> <!-- getTestResult -->
        <test-method signature="verifyLogo()[pri:0, instance:ExtentReportDemo.BasicExtentReport@1b7cc17c]" started-at="2026-01-06T08:53:17 IST" name="verifyLogo" finished-at="2026-01-06T08:53:17 IST" duration-ms="3" status="PASS">
          <reporter-output>
          </reporter-output>
        </test-method> <!-- verifyLogo -->
        <test-method is-config="true" signature="getTestResult(org.testng.ITestResult)[pri:0, instance:ExtentReportDemo.BasicExtentReport@1b7cc17c]" started-at="2026-01-06T08:53:17 IST" name="getTestResult" finished-at="2026-01-06T08:53:17 IST" duration-ms="3" status="PASS">
          <params>
            <param index="0">
              <value>
                <![CDATA[[TestResult name=verifyLogo status=SUCCESS method=BasicExtentReport.verifyLogo()[pri:0, instance:ExtentReportDemo.BasicExtentReport@1b7cc17c] output={null}]]]>
              </value>
            </param>
          </params>
          <reporter-output>
          </reporter-output>
        </test-method> <!-- getTestResult -->
        <test-method signature="verifyTitle()[pri:0, instance:ExtentReportDemo.BasicExtentReport@1b7cc17c]" started-at="2026-01-06T08:53:17 IST" name="verifyTitle" finished-at="2026-01-06T08:53:17 IST" duration-ms="8" status="FAIL">
          <exception class="java.lang.AssertionError">
            <message>
              <![CDATA[expected [true] but found [false]]]>
            </message>
            <full-stacktrace>
              <![CDATA[java.lang.AssertionError: expected [true] but found [false]
at org.testng.Assert.fail(Assert.java:111)
at org.testng.Assert.failNotEquals(Assert.java:1590)
at org.testng.Assert.assertTrue(Assert.java:57)
at org.testng.Assert.assertTrue(Assert.java:67)
at ExtentReportDemo.BasicExtentReport.verifyTitle(BasicExtentReport.java:65)
at java.base/jdk.internal.reflect.DirectMethodHandleAccessor.invoke(DirectMethodHandleAccessor.java:104)
at java.base/java.lang.reflect.Method.invoke(Method.java:565)
at org.testng.internal.invokers.MethodInvocationHelper.invokeMethod(MethodInvocationHelper.java:141)
at org.testng.internal.invokers.TestInvoker.invokeMethod(TestInvoker.java:687)
at org.testng.internal.invokers.TestInvoker.invokeTestMethod(TestInvoker.java:230)
at org.testng.internal.invokers.MethodRunner.runInSequence(MethodRunner.java:63)
at org.testng.internal.invokers.TestInvoker$MethodInvocationAgent.invoke(TestInvoker.java:995)
at org.testng.internal.invokers.TestInvoker.invokeTestMethods(TestInvoker.java:203)
at org.testng.internal.invokers.TestMethodWorker.invokeTestMethods(TestMethodWorker.java:154)
at org.testng.internal.invokers.TestMethodWorker.run(TestMethodWorker.java:134)
at java.base/java.util.ArrayList.forEach(ArrayList.java:1604)
at org.testng.TestRunner.privateRun(TestRunner.java:741)
at org.testng.TestRunner.run(TestRunner.java:616)
at org.testng.SuiteRunner.runTest(SuiteRunner.java:421)
at org.testng.SuiteRunner.runSequentially(SuiteRunner.java:413)
at org.testng.SuiteRunner.privateRun(SuiteRunner.java:373)
at org.testng.SuiteRunner.run(SuiteRunner.java:312)
at org.testng.SuiteRunnerWorker.runSuite(SuiteRunnerWorker.java:52)
at org.testng.SuiteRunnerWorker.run(SuiteRunnerWorker.java:95)
at org.testng.TestNG.runSuitesSequentially(TestNG.java:1274)
at org.testng.TestNG.runSuitesLocally(TestNG.java:1208)
at org.testng.TestNG.runSuites(TestNG.java:1112)
at org.testng.TestNG.run(TestNG.java:1079)
at org.testng.remote.AbstractRemoteTestNG.run(AbstractRemoteTestNG.java:115)
at org.testng.remote.RemoteTestNG.initAndRun(RemoteTestNG.java:293)
at org.testng.remote.RemoteTestNG.main(RemoteTestNG.java:91)
]]>
            </full-stacktrace>
          </exception> <!-- java.lang.AssertionError -->
          <reporter-output>
          </reporter-output>
        </test-method> <!-- verifyTitle -->
        <test-method is-config="true" signature="getTestResult(org.testng.ITestResult)[pri:0, instance:ExtentReportDemo.BasicExtentReport@1b7cc17c]" started-at="2026-01-06T08:53:17 IST" name="getTestResult" finished-at="2026-01-06T08:53:17 IST" duration-ms="10" status="PASS">
          <params>
            <param index="0">
              <value>
                <![CDATA[[TestResult name=verifyTitle status=FAILURE method=BasicExtentReport.verifyTitle()[pri:0, instance:ExtentReportDemo.BasicExtentReport@1b7cc17c] output={null}]]]>
              </value>
            </param>
          </params>
          <reporter-output>
          </reporter-output>
        </test-method> <!-- getTestResult -->
        <test-method signature="verifyUsername()[pri:0, instance:ExtentReportDemo.BasicExtentReport@1b7cc17c]" started-at="2026-01-06T08:53:17 IST" name="verifyUsername" finished-at="2026-01-06T08:53:17 IST" duration-ms="1" status="PASS">
          <reporter-output>
          </reporter-output>
        </test-method> <!-- verifyUsername -->
        <test-method is-config="true" signature="getTestResult(org.testng.ITestResult)[pri:0, instance:ExtentReportDemo.BasicExtentReport@1b7cc17c]" started-at="2026-01-06T08:53:17 IST" name="getTestResult" finished-at="2026-01-06T08:53:17 IST" duration-ms="0" status="PASS">
          <params>
            <param index="0">
              <value>
                <![CDATA[[TestResult name=verifyUsername status=SUCCESS method=BasicExtentReport.verifyUsername()[pri:0, instance:ExtentReportDemo.BasicExtentReport@1b7cc17c] output={null}]]]>
              </value>
            </param>
          </params>
          <reporter-output>
          </reporter-output>
        </test-method> <!-- getTestResult -->
        <test-method is-config="true" signature="tearDown()[pri:0, instance:ExtentReportDemo.BasicExtentReport@1b7cc17c]" started-at="2026-01-06T08:53:17 IST" name="tearDown" finished-at="2026-01-06T08:53:18 IST" duration-ms="634" status="PASS">
          <reporter-output>
          </reporter-output>
        </test-method> <!-- tearDown -->
      </class> <!-- ExtentReportDemo.BasicExtentReport -->
    </test> <!-- Default test -->
  </suite> <!-- Default suite -->
</testng-results>
