<?xml version="1.0" encoding="UTF-8"?>
<testng-results ignored="0" total="1" passed="1" failed="0" skipped="0">
  <reporter-output>
  </reporter-output>
  <suite started-at="2026-01-22T10:25:08 IST" name="Suite" finished-at="2026-01-22T10:25:13 IST" duration-ms="4255">
    <groups>
    </groups>
    <test started-at="2026-01-22T10:25:08 IST" name="Test" finished-at="2026-01-22T10:25:13 IST" duration-ms="4255">
      <class name="com.Vtiger.testcases.TC_HomePageTest">
        <test-method is-config="true" signature="setup()[pri:0, instance:com.Vtiger.testcases.TC_HomePageTest@3febb011]" started-at="2026-01-22T10:25:08 IST" name="setup" finished-at="2026-01-22T10:25:11 IST" duration-ms="2491" status="PASS">
          <reporter-output>
          </reporter-output>
        </test-method> <!-- setup -->
        <test-method signature="verifyLogin()[pri:0, instance:com.Vtiger.testcases.TC_HomePageTest@3febb011]" started-at="2026-01-22T10:25:11 IST" name="verifyLogin" finished-at="2026-01-22T10:25:12 IST" duration-ms="1519" status="PASS">
          <reporter-output>
          </reporter-output>
        </test-method> <!-- verifyLogin -->
        <test-method is-config="true" signature="teardown()[pri:0, instance:com.Vtiger.testcases.TC_HomePageTest@3febb011]" started-at="2026-01-22T10:25:12 IST" name="teardown" finished-at="2026-01-22T10:25:13 IST" duration-ms="190" status="PASS">
          <reporter-output>
          </reporter-output>
        </test-method> <!-- teardown -->
      </class> <!-- com.Vtiger.testcases.TC_HomePageTest -->
    </test> <!-- Test -->
  </suite> <!-- Suite -->
</testng-results>
