<?xml version="1.0" encoding="UTF-8"?>
<!-- Generated by org.testng.reporters.JUnitXMLReporter -->
<testsuite ignored="0" hostname="DESKTOP-T81U87Q" failures="2" tests="4" name="Test1" time="31.671" errors="0" timestamp="2025-12-29T16:37:08 IST">
  <testcase classname="testng_Demo.ParallelTestDemo1" name="verifyLogo" time="9.934"/>
  <testcase classname="testng_Demo.ParallelTestDemo1" name="verifyTitle" time="5.373">
    <failure type="java.lang.AssertionError" message="expected [GOOGLE] but found [Google]">
      <![CDATA[java.lang.AssertionError: expected [GOOGLE] but found [Google]
at testng_Demo.ParallelTestDemo1.verifyTitle(ParallelTestDemo1.java:18)
at java.base/java.util.ArrayList.forEach(ArrayList.java:1604)
at java.base/java.util.concurrent.FutureTask.run(FutureTask.java:328)
at java.base/java.util.concurrent.ThreadPoolExecutor.runWorker(ThreadPoolExecutor.java:1095)
at java.base/java.util.concurrent.ThreadPoolExecutor$Worker.run(ThreadPoolExecutor.java:619)
at java.base/java.lang.Thread.run(Thread.java:1447)
... Removed 21 stack frames]]>
    </failure>
  </testcase> <!-- verifyTitle -->
  <testcase classname="testng_Demo.ParallelTestDemo2" name="verifyLogo" time="9.621"/>
  <testcase classname="testng_Demo.ParallelTestDemo2" name="verifyTitle" time="6.648">
    <failure type="java.lang.AssertionError" message="expected [GOOGLE] but found [Google]">
      <![CDATA[java.lang.AssertionError: expected [GOOGLE] but found [Google]
at testng_Demo.ParallelTestDemo2.verifyTitle(ParallelTestDemo2.java:18)
at java.base/java.util.ArrayList.forEach(ArrayList.java:1604)
at java.base/java.util.concurrent.FutureTask.run(FutureTask.java:328)
at java.base/java.util.concurrent.ThreadPoolExecutor.runWorker(ThreadPoolExecutor.java:1095)
at java.base/java.util.concurrent.ThreadPoolExecutor$Worker.run(ThreadPoolExecutor.java:619)
at java.base/java.lang.Thread.run(Thread.java:1447)
... Removed 21 stack frames]]>
    </failure>
  </testcase> <!-- verifyTitle -->
</testsuite> <!-- Test1 -->
