<?xml version="1.0" encoding="UTF-8"?>
<testng-results ignored="0" total="1" passed="1" failed="0" skipped="0">
  <reporter-output>
  </reporter-output>
  <suite started-at="2025-12-24T17:22:53 IST" name="Surefire suite" finished-at="2025-12-24T17:22:58 IST" duration-ms="5492">
    <groups>
    </groups>
    <test started-at="2025-12-24T17:22:53 IST" name="Surefire test" finished-at="2025-12-24T17:22:58 IST" duration-ms="5492">
      <class name="testng_Demo.Testng_demo">
        <test-method signature="VerifyPageTitle()[pri:0, instance:testng_Demo.Testng_demo@240237d2]" started-at="2025-12-24T17:22:53 IST" name="VerifyPageTitle" finished-at="2025-12-24T17:22:58 IST" duration-ms="5416" status="PASS">
          <reporter-output>
          </reporter-output>
        </test-method> <!-- VerifyPageTitle -->
      </class> <!-- testng_Demo.Testng_demo -->
    </test> <!-- Surefire test -->
  </suite> <!-- Surefire suite -->
</testng-results>
