<?xml version="1.0" encoding="UTF-8"?>
<!-- Generated by org.testng.reporters.JUnitReportReporter -->
<testsuite hostname="DESKTOP-T81U87Q" failures="0" tests="4" name="testng_Demo.Annotation_priority" time="0.022" errors="0" timestamp="2025-12-28T15:37:10 IST" skipped="0">
  <testcase classname="testng_Demo.Annotation_priority" name="testCase3" time="0.002"/>
  <testcase classname="testng_Demo.Annotation_priority" name="testCase2" time="0.013"/>
  <testcase classname="testng_Demo.Annotation_priority" name="testCase1" time="0.004"/>
  <testcase classname="testng_Demo.Annotation_priority" name="testCase4" time="0.003"/>
</testsuite> <!-- testng_Demo.Annotation_priority -->
