<?xml version="1.0" encoding="UTF-8"?>
<!-- Generated by org.testng.reporters.JUnitReportReporter -->
<testsuite hostname="DESKTOP-T81U87Q" failures="0" tests="2" name="testng_Demo.TestngParameterDemo" time="0.059" errors="0" timestamp="2025-12-28T19:44:50 IST" skipped="0">
  <testcase classname="testng_Demo.TestngParameterDemo" name="substraction" time="0.005"/>
  <testcase classname="testng_Demo.TestngParameterDemo" name="add" time="0.054"/>
</testsuite> <!-- testng_Demo.TestngParameterDemo -->
