<?xml version="1.0" encoding="UTF-8"?>
<!-- Generated by org.testng.reporters.JUnitReportReporter -->
<testsuite hostname="DESKTOP-T81U87Q" failures="0" tests="3" name="testng_Demo.DataProviderDemo1" time="19.819" errors="0" timestamp="2025-12-29T16:47:53 IST" skipped="0">
  <testcase classname="testng_Demo.DataProviderDemo1" name="name" time="9.706"/>
  <testcase classname="testng_Demo.DataProviderDemo1" name="name" time="4.606"/>
  <testcase classname="testng_Demo.DataProviderDemo1" name="name" time="5.507"/>
</testsuite> <!-- testng_Demo.DataProviderDemo1 -->
