<?xml version="1.0" encoding="UTF-8"?>
<!-- Generated by org.testng.reporters.JUnitReportReporter -->
<testsuite hostname="DESKTOP-T81U87Q" failures="0" tests="1" name="testNGReportsDemo.TestNGReportExample" time="8.087" errors="0" timestamp="2026-01-06T07:31:26 IST" skipped="0">
  <testcase classname="testNGReportsDemo.TestNGReportExample" name="main" time="8.087">
    <system-out>
      <![CDATA[browser is open]]>
    </system-out>
  </testcase> <!-- main -->
  <system-out>
    <![CDATA[browser is open]]>
  </system-out>
</testsuite> <!-- testNGReportsDemo.TestNGReportExample -->
