<?xml version="1.0" encoding="UTF-8"?>
<!-- Generated by org.testng.reporters.JUnitReportReporter -->
<testsuite hostname="DESKTOP-T81U87Q" failures="0" tests="3" name="testng_Demo.TestNGExample" time="0.031" errors="0" timestamp="2025-12-27T13:49:49 IST" skipped="0">
  <testcase classname="testng_Demo.TestNGExample" name="Test2" time="0.004"/>
  <testcase classname="testng_Demo.TestNGExample" name="test3" time="0.004"/>
  <testcase classname="testng_Demo.TestNGExample" name="Test1" time="0.023"/>
</testsuite> <!-- testng_Demo.TestNGExample -->
