<?xml version="1.0" encoding="UTF-8"?>
<!-- Generated by org.testng.reporters.JUnitReportReporter -->
<testsuite hostname="DESKTOP-T81U87Q" failures="0" tests="3" name="testng_Demo.Annotations_dependsOneMethod" time="0.012" errors="0" timestamp="2025-12-28T15:39:32 IST" skipped="0">
  <testcase classname="testng_Demo.Annotations_dependsOneMethod" name="testCase1" time="0.000"/>
  <testcase classname="testng_Demo.Annotations_dependsOneMethod" name="testCase3" time="0.001"/>
  <testcase classname="testng_Demo.Annotations_dependsOneMethod" name="testCase2" time="0.011"/>
</testsuite> <!-- testng_Demo.Annotations_dependsOneMethod -->
