<?xml version="1.0" encoding="UTF-8"?>
<!-- Generated by org.testng.reporters.JUnitReportReporter -->
<testsuite hostname="DESKTOP-T81U87Q" failures="0" tests="3" name="testng_Demo.InvocationCounter3" time="0.017" errors="0" timestamp="2026-01-03T10:06:51 IST" skipped="0">
  <testcase classname="testng_Demo.InvocationCounter3" name="name" time="0.002"/>
  <testcase classname="testng_Demo.InvocationCounter3" name="name" time="0.002"/>
  <testcase classname="testng_Demo.InvocationCounter3" name="name" time="0.013"/>
</testsuite> <!-- testng_Demo.InvocationCounter3 -->
