<?xml version="1.0" encoding="UTF-8"?>
<!-- Generated by org.testng.reporters.JUnitReportReporter -->
<testsuite hostname="DESKTOP-T81U87Q" failures="0" tests="3" name="testng_Demo.InvocationClass" time="0.018" errors="0" timestamp="2026-01-02T20:13:26 IST" skipped="0">
  <testcase classname="testng_Demo.InvocationClass" name="name" time="0.012"/>
  <testcase classname="testng_Demo.InvocationClass" name="name" time="0.003"/>
  <testcase classname="testng_Demo.InvocationClass" name="name" time="0.003"/>
</testsuite> <!-- testng_Demo.InvocationClass -->
