<?xml version="1.0" encoding="UTF-8"?>
<!-- Generated by org.testng.reporters.JUnitReportReporter -->
<testsuite hostname="DESKTOP-T81U87Q" failures="0" tests="3" name="testng_Demo.Annotation_Timeout" time="0.242" errors="1" timestamp="2025-12-28T13:14:52 IST" skipped="0">
  <testcase classname="testng_Demo.Annotation_Timeout" name="testCase3" time="0.003"/>
  <testcase classname="testng_Demo.Annotation_Timeout" name="testCase1" time="0.025"/>
  <testcase classname="testng_Demo.Annotation_Timeout" name="testCase2" time="0.214">
    <error message="Method testng_Demo.Annotation_Timeout.testCase2() didn&#039;t finish within the time-out 200" type="org.testng.internal.thread.ThreadTimeoutException">
      <![CDATA[org.testng.internal.thread.ThreadTimeoutException: Method testng_Demo.Annotation_Timeout.testCase2() didn't finish within the time-out 200
at java.base/java.lang.Thread.sleepNanos0(Native Method)
at java.base/java.lang.Thread.sleepNanos(Thread.java:482)
at java.base/java.lang.Thread.sleep(Thread.java:513)
at testng_Demo.Annotation_Timeout.testCase2(Annotation_Timeout.java:17)
at java.base/jdk.internal.reflect.DirectMethodHandleAccessor.invoke(DirectMethodHandleAccessor.java:104)
at java.base/java.lang.reflect.Method.invoke(Method.java:565)
at org.testng.internal.invokers.MethodInvocationHelper.invokeMethod(MethodInvocationHelper.java:141)
at org.testng.internal.invokers.InvokeMethodRunnable.runOne(InvokeMethodRunnable.java:47)
at org.testng.internal.invokers.InvokeMethodRunnable.call(InvokeMethodRunnable.java:76)
at org.testng.internal.invokers.InvokeMethodRunnable.call(InvokeMethodRunnable.java:11)
at java.base/java.util.concurrent.FutureTask.run(FutureTask.java:328)
at java.base/java.util.concurrent.ThreadPoolExecutor.runWorker(ThreadPoolExecutor.java:1095)
at java.base/java.util.concurrent.ThreadPoolExecutor$Worker.run(ThreadPoolExecutor.java:619)
at java.base/java.lang.Thread.run(Thread.java:1447)
]]>
    </error>
  </testcase> <!-- testCase2 -->
</testsuite> <!-- testng_Demo.Annotation_Timeout -->
