<?xml version="1.0" encoding="UTF-8"?>
<!-- Generated by org.testng.reporters.JUnitReportReporter -->
<testsuite hostname="DESKTOP-T81U87Q" failures="0" tests="3" name="testng_Demo.BankAccount" time="0.018" errors="0" timestamp="2025-12-27T07:30:00 IST" skipped="1">
  <testcase classname="testng_Demo.BankAccount" name="NetBankaccount" time="0.002"/>
  <testcase classname="testng_Demo.BankAccount" name="MobileBankAccount" time="0.016"/>
  <testcase classname="testng_Demo.BankAccount" name="APIbankaccount">
    <skipped/>
  </testcase> <!-- APIbankaccount -->
</testsuite> <!-- testng_Demo.BankAccount -->
