<?xml version="1.0" encoding="UTF-8"?>
<!-- Generated by org.testng.reporters.JUnitReportReporter -->
<testsuite hostname="DESKTOP-T81U87Q" failures="0" tests="3" name="testng_Demo.Annotations_Attribute" time="0.036" errors="0" timestamp="2025-12-28T13:06:38 IST" skipped="0">
  <testcase classname="testng_Demo.Annotations_Attribute" name="testCase1" time="0.026"/>
  <testcase classname="testng_Demo.Annotations_Attribute" name="testCase3" time="0.003"/>
  <testcase classname="testng_Demo.Annotations_Attribute" name="testCase2" time="0.007"/>
</testsuite> <!-- testng_Demo.Annotations_Attribute -->
