<?xml version="1.0" encoding="UTF-8"?>
<!-- Generated by org.testng.reporters.JUnitReportReporter -->
<testsuite hostname="DESKTOP-T81U87Q" failures="0" tests="3" name="testng_Demo.DataProviderDemo" time="15.395" errors="0" timestamp="2025-12-29T16:53:06 IST" skipped="0">
  <testcase classname="testng_Demo.DataProviderDemo" name="name" time="6.425"/>
  <testcase classname="testng_Demo.DataProviderDemo" name="name" time="4.628"/>
  <testcase classname="testng_Demo.DataProviderDemo" name="name" time="4.342"/>
</testsuite> <!-- testng_Demo.DataProviderDemo -->
